2019.02.04 11:16 B C:\Users\redkey\Documents\Repositorios\HerramientasAG\generar_cotizacion_p.php --> ftp.herramientasag.com.mx /cotizador_test generar_cotizacion_p.php
2019.02.04 11:24 B C:\Users\redkey\Documents\Repositorios\HerramientasAG\generar_cotizacion_p.php --> ftp.herramientasag.com.mx /cotizador_test generar_cotizacion_p.php
2019.02.04 11:25 B C:\Users\redkey\Documents\Repositorios\HerramientasAG\generar_cotizacion_p.php --> ftp.herramientasag.com.mx /cotizador_test generar_cotizacion_p.php
2019.02.04 11:26 B C:\Users\redkey\Documents\Repositorios\HerramientasAG\generar_cotizacion_p.php --> ftp.herramientasag.com.mx /cotizador_test generar_cotizacion_p.php
2019.02.04 11:28 B C:\Users\redkey\Documents\Repositorios\HerramientasAG\generar_cotizacion_p.php --> ftp.herramientasag.com.mx /cotizador_test generar_cotizacion_p.php
2019.02.04 11:30 B C:\Users\redkey\Documents\Repositorios\HerramientasAG\generar_cotizacion_p.php --> ftp.herramientasag.com.mx /cotizador_test generar_cotizacion_p.php
2019.02.04 11:37 B C:\Users\redkey\Documents\Repositorios\HerramientasAG\Eliminar_Producto_Cotizacion.php --> ftp.herramientasag.com.mx /cotizador_test Eliminar_Producto_Cotizacion.php
2019.02.04 11:37 B C:\Users\redkey\Documents\Repositorios\HerramientasAG\generar_cotizacion_p.php --> ftp.herramientasag.com.mx /cotizador_test generar_cotizacion_p.php
2019.02.04 11:38 B C:\Users\redkey\Documents\Repositorios\HerramientasAG\Eliminar_Producto_Cotizacion.php --> ftp.herramientasag.com.mx /cotizador_test Eliminar_Producto_Cotizacion.php
2019.02.04 11:40 B C:\Users\redkey\Documents\Repositorios\HerramientasAG\Eliminar_Producto_Cotizacion.php --> ftp.herramientasag.com.mx /cotizador_test Eliminar_Producto_Cotizacion.php
2019.02.04 11:44 B C:\Users\redkey\Documents\Repositorios\HerramientasAG\Eliminar_Producto_Cotizacion.php --> ftp.herramientasag.com.mx /cotizador_test Eliminar_Producto_Cotizacion.php
2019.02.04 11:44 B C:\Users\redkey\Documents\Repositorios\HerramientasAG\generar_cotizacion_p.php --> ftp.herramientasag.com.mx /cotizador_test generar_cotizacion_p.php
2019.02.04 11:44 B C:\Users\redkey\Documents\Repositorios\HerramientasAG\generar_cotizacion_p.php --> ftp.herramientasag.com.mx /cotizador_test generar_cotizacion_p.php
2019.02.04 11:46 B C:\Users\redkey\Documents\Repositorios\HerramientasAG\Eliminar_Producto_Cotizacion.php --> ftp.herramientasag.com.mx /cotizador_test Eliminar_Producto_Cotizacion.php
2019.02.04 11:46 B C:\Users\redkey\Documents\Repositorios\HerramientasAG\generar_cotizacion_p.php --> ftp.herramientasag.com.mx /cotizador_test generar_cotizacion_p.php
2019.02.04 11:47 B C:\Users\redkey\Documents\Repositorios\HerramientasAG\Eliminar_Producto_Cotizacion.php --> ftp.herramientasag.com.mx /cotizador_test Eliminar_Producto_Cotizacion.php
2019.02.04 11:47 B C:\Users\redkey\Documents\Repositorios\HerramientasAG\generar_cotizacion_p.php --> ftp.herramientasag.com.mx /cotizador_test generar_cotizacion_p.php
2019.02.04 11:49 B C:\Users\redkey\Documents\Repositorios\HerramientasAG\generar_cotizacion_p.php --> ftp.herramientasag.com.mx /cotizador_test generar_cotizacion_p.php
2019.02.04 11:50 B C:\Users\redkey\Documents\Repositorios\HerramientasAG\Eliminar_Producto_Cotizacion.php --> ftp.herramientasag.com.mx /cotizador_test Eliminar_Producto_Cotizacion.php
2019.02.04 11:50 B C:\Users\redkey\Documents\Repositorios\HerramientasAG\generar_cotizacion_p.php --> ftp.herramientasag.com.mx /cotizador_test generar_cotizacion_p.php
2019.02.04 11:51 B C:\Users\redkey\Documents\Repositorios\HerramientasAG\generar_cotizacion_p.php --> ftp.herramientasag.com.mx /cotizador_test generar_cotizacion_p.php
2019.02.04 11:52 B C:\Users\redkey\Documents\Repositorios\HerramientasAG\Eliminar_Producto_Cotizacion.php --> ftp.herramientasag.com.mx /cotizador_test Eliminar_Producto_Cotizacion.php
2019.02.04 11:52 B C:\Users\redkey\Documents\Repositorios\HerramientasAG\Eliminar_Producto_Cotizacion.php --> ftp.herramientasag.com.mx /cotizador_test Eliminar_Producto_Cotizacion.php
2019.02.04 11:55 B C:\Users\redkey\Documents\Repositorios\HerramientasAG\generar_cotizacion_p.php --> ftp.herramientasag.com.mx /cotizador_test generar_cotizacion_p.php
2019.02.04 12:14 B C:\Users\redkey\Documents\Repositorios\HerramientasAG\generar_cotizacion_p.php --> ftp.herramientasag.com.mx /cotizador_test generar_cotizacion_p.php
2019.02.04 12:17 B C:\Users\redkey\Documents\Repositorios\HerramientasAG\generar_cotizacion_p.php --> ftp.herramientasag.com.mx /cotizador_test generar_cotizacion_p.php
2019.02.04 12:23 B C:\Users\redkey\Documents\Repositorios\HerramientasAG\generar_cotizacion_p.php --> ftp.herramientasag.com.mx /cotizador_test generar_cotizacion_p.php
2019.02.04 12:25 B C:\Users\redkey\Documents\Repositorios\HerramientasAG\generar_cotizacion_p.php --> ftp.herramientasag.com.mx /cotizador_test generar_cotizacion_p.php
2019.02.04 12:28 B C:\Users\redkey\Documents\Repositorios\HerramientasAG\generar_cotizacion_p.php --> ftp.herramientasag.com.mx /cotizador_test generar_cotizacion_p.php
2019.02.04 12:28 B C:\Users\redkey\Documents\Repositorios\HerramientasAG\Eliminar_Producto_Cotizacion.php --> ftp.herramientasag.com.mx /cotizador_test Eliminar_Producto_Cotizacion.php
2019.02.04 12:34 B C:\Users\redkey\Documents\Repositorios\HerramientasAG\generar_cotizacion_p.php --> ftp.herramientasag.com.mx /cotizador_test generar_cotizacion_p.php
2019.02.04 12:34 B C:\Users\redkey\Documents\Repositorios\HerramientasAG\Eliminar_Producto_Cotizacion.php --> ftp.herramientasag.com.mx /cotizador_test Eliminar_Producto_Cotizacion.php
2019.02.04 12:35 B C:\Users\redkey\Documents\Repositorios\HerramientasAG\Eliminar_Producto_Cotizacion.php --> ftp.herramientasag.com.mx /cotizador_test Eliminar_Producto_Cotizacion.php
2019.02.04 12:36 B C:\Users\redkey\Documents\Repositorios\HerramientasAG\Eliminar_Producto_Cotizacion.php --> ftp.herramientasag.com.mx /cotizador_test Eliminar_Producto_Cotizacion.php
2019.02.04 12:36 B C:\Users\redkey\Documents\Repositorios\HerramientasAG\generar_cotizacion_p.php --> ftp.herramientasag.com.mx /cotizador_test generar_cotizacion_p.php
2019.02.04 12:39 B C:\Users\redkey\Documents\Repositorios\HerramientasAG\generar_cotizacion_p.php --> ftp.herramientasag.com.mx /cotizador_test generar_cotizacion_p.php
2019.02.04 12:40 B C:\Users\redkey\Documents\Repositorios\HerramientasAG\generar_cotizacion_p.php --> ftp.herramientasag.com.mx /cotizador_test generar_cotizacion_p.php
2019.02.04 12:42 B C:\Users\redkey\Documents\Repositorios\HerramientasAG\generar_cotizacion_p.php --> ftp.herramientasag.com.mx /cotizador_test generar_cotizacion_p.php
2019.02.04 12:45 B C:\Users\redkey\Documents\Repositorios\HerramientasAG\generar_cotizacion_p.php --> ftp.herramientasag.com.mx /cotizador_test generar_cotizacion_p.php
2019.02.04 12:48 B C:\Users\redkey\Documents\Repositorios\HerramientasAG\generar_cotizacion_p.php --> ftp.herramientasag.com.mx /cotizador_test generar_cotizacion_p.php
2019.02.04 12:57 B C:\Users\redkey\Documents\Repositorios\HerramientasAG\generar_cotizacion_p.php --> ftp.herramientasag.com.mx /cotizador_test generar_cotizacion_p.php
2019.02.04 12:58 B C:\Users\redkey\Documents\Repositorios\HerramientasAG\generar_cotizacion_p.php --> ftp.herramientasag.com.mx /cotizador_test generar_cotizacion_p.php
2019.02.04 13:06 B C:\Users\redkey\Documents\Repositorios\HerramientasAG\generar_cotizacion_p.php --> ftp.herramientasag.com.mx /cotizador_test generar_cotizacion_p.php
2019.02.04 13:07 B C:\Users\redkey\Documents\Repositorios\HerramientasAG\generar_cotizacion_p.php --> ftp.herramientasag.com.mx /cotizador_test generar_cotizacion_p.php
2019.02.04 13:20 B C:\Users\redkey\Documents\Repositorios\HerramientasAG\generar_cotizacion_p.php --> ftp.herramientasag.com.mx /cotizador_test generar_cotizacion_p.php
2019.02.04 13:20 B C:\Users\redkey\Documents\Repositorios\HerramientasAG\Eliminar_Producto_Cotizacion.php --> ftp.herramientasag.com.mx /cotizador_test Eliminar_Producto_Cotizacion.php
2019.02.04 13:22 B C:\Users\redkey\Documents\Repositorios\HerramientasAG\Eliminar_Producto_Cotizacion.php --> ftp.herramientasag.com.mx /cotizador_test Eliminar_Producto_Cotizacion.php
2019.02.04 13:26 B C:\Users\redkey\Documents\Repositorios\HerramientasAG\Eliminar_Producto_Cotizacion.php --> ftp.herramientasag.com.mx /cotizador_test Eliminar_Producto_Cotizacion.php
2019.02.04 13:27 B C:\Users\redkey\Documents\Repositorios\HerramientasAG\Eliminar_Producto_Cotizacion.php --> ftp.herramientasag.com.mx /cotizador_test Eliminar_Producto_Cotizacion.php
2019.02.04 13:28 B C:\Users\redkey\Documents\Repositorios\HerramientasAG\generar_cotizacion_p.php --> ftp.herramientasag.com.mx /cotizador_test generar_cotizacion_p.php
2019.02.04 13:57 B C:\Users\redkey\Documents\Repositorios\HerramientasAG\Eliminar_Producto_Cotizacion.php --> ftp.herramientasag.com.mx /cotizador_test Eliminar_Producto_Cotizacion.php
2019.02.04 14:03 B C:\Users\redkey\Documents\Repositorios\HerramientasAG\Eliminar_Producto_Cotizacion.php --> ftp.herramientasag.com.mx /cotizador_test Eliminar_Producto_Cotizacion.php
2019.02.04 14:10 B C:\Users\redkey\Documents\Repositorios\HerramientasAG\generar_cotizacion_p.php --> ftp.herramientasag.com.mx /cotizador_test generar_cotizacion_p.php
2019.02.04 14:21 B C:\Users\redkey\Documents\Repositorios\HerramientasAG\generar_cotizacion_p.php --> ftp.herramientasag.com.mx /cotizador_test generar_cotizacion_p.php
2019.02.04 14:22 B C:\Users\redkey\Documents\Repositorios\HerramientasAG\generar_cotizacion_p.php --> ftp.herramientasag.com.mx /cotizador_test generar_cotizacion_p.php
2019.02.04 14:23 B C:\Users\redkey\Documents\Repositorios\HerramientasAG\generar_cotizacion_p.php --> ftp.herramientasag.com.mx /cotizador_test generar_cotizacion_p.php
2019.02.04 14:25 B C:\Users\redkey\Documents\Repositorios\HerramientasAG\generar_cotizacion_p.php --> ftp.herramientasag.com.mx /cotizador_test generar_cotizacion_p.php
2019.02.04 14:26 B C:\Users\redkey\Documents\Repositorios\HerramientasAG\getFormatedNumberForMoney.php --> ftp.herramientasag.com.mx /cotizador_test getFormatedNumberForMoney.php
2019.02.04 14:31 B C:\Users\redkey\Documents\Repositorios\HerramientasAG\generar_cotizacion_p.php --> ftp.herramientasag.com.mx /cotizador_test generar_cotizacion_p.php
2019.02.04 14:32 B C:\Users\redkey\Documents\Repositorios\HerramientasAG\generar_cotizacion_p.php --> ftp.herramientasag.com.mx /cotizador_test generar_cotizacion_p.php
2019.02.04 14:33 B C:\Users\redkey\Documents\Repositorios\HerramientasAG\convertFloatToCurrencyFormat.js <-- herramientasag /cotizador_test convertFloatToCurrencyFormat.js
2019.02.04 14:34 B C:\Users\redkey\Documents\Repositorios\HerramientasAG\convertFloatToCurrencyFormat.js --> ftp.herramientasag.com.mx /cotizador_test convertFloatToCurrencyFormat.js
2019.02.04 14:35 B C:\Users\redkey\Documents\Repositorios\HerramientasAG\convertFloatToCurrencyFormat.js --> ftp.herramientasag.com.mx /cotizador_test convertFloatToCurrencyFormat.js
2019.02.04 20:27 B C:\Users\redkey\Documents\Repositorios\HerramientasAG\convertFloatToCurrencyFormat.js --> ftp.herramientasag.com.mx /cotizador_test convertFloatToCurrencyFormat.js
2019.02.04 20:28 B C:\Users\redkey\Documents\Repositorios\HerramientasAG\convertFloatToCurrencyFormat.js --> ftp.herramientasag.com.mx /cotizador_test convertFloatToCurrencyFormat.js
2019.02.04 20:32 B C:\Users\redkey\Documents\Repositorios\HerramientasAG\generar_cotizacion_p.php --> ftp.herramientasag.com.mx /cotizador_test generar_cotizacion_p.php
2019.02.04 20:44 B C:\Users\redkey\Documents\Repositorios\HerramientasAG\generar_cotizacion_p.php --> ftp.herramientasag.com.mx /cotizador_test generar_cotizacion_p.php
2019.02.04 21:25 B C:\Users\redkey\Documents\Repositorios\HerramientasAG\convertFloatToCurrencyFormat.js --> ftp.herramientasag.com.mx /cotizador_test convertFloatToCurrencyFormat.js
2019.02.04 21:27 B C:\Users\redkey\Documents\Repositorios\HerramientasAG\convertFloatToCurrencyFormat.js --> ftp.herramientasag.com.mx /cotizador_test convertFloatToCurrencyFormat.js
2019.02.04 21:38 B C:\Users\redkey\Documents\Repositorios\HerramientasAG\generar_cotizacion_p.php --> ftp.herramientasag.com.mx /cotizador_test generar_cotizacion_p.php
2019.02.04 21:39 B C:\Users\redkey\Documents\Repositorios\HerramientasAG\generar_cotizacion_p.php --> ftp.herramientasag.com.mx /cotizador_test generar_cotizacion_p.php
2019.02.04 21:39 B C:\Users\redkey\Documents\Repositorios\HerramientasAG\generar_cotizacion_p.php --> ftp.herramientasag.com.mx /cotizador_test generar_cotizacion_p.php
2019.02.04 21:41 B C:\Users\redkey\Documents\Repositorios\HerramientasAG\generar_cotizacion_p.php --> ftp.herramientasag.com.mx /cotizador_test generar_cotizacion_p.php
2019.02.04 21:47 B C:\Users\redkey\Documents\Repositorios\HerramientasAG\generar_cotizacion_p.php --> ftp.herramientasag.com.mx /cotizador_test generar_cotizacion_p.php
2019.02.04 21:48 B C:\Users\redkey\Documents\Repositorios\HerramientasAG\convertFloatToCurrencyFormat.js --> ftp.herramientasag.com.mx /cotizador_test convertFloatToCurrencyFormat.js
2019.02.04 21:51 B C:\Users\redkey\Documents\Repositorios\HerramientasAG\generar_cotizacion_p.php --> ftp.herramientasag.com.mx /cotizador_test generar_cotizacion_p.php
2019.02.04 21:52 B C:\Users\redkey\Documents\Repositorios\HerramientasAG\generar_cotizacion_p.php --> ftp.herramientasag.com.mx /cotizador_test generar_cotizacion_p.php
2019.02.04 21:54 B C:\Users\redkey\Documents\Repositorios\HerramientasAG\convertFloatToCurrencyFormat.js --> ftp.herramientasag.com.mx /cotizador_test convertFloatToCurrencyFormat.js
2019.02.04 21:54 B C:\Users\redkey\Documents\Repositorios\HerramientasAG\convertFloatToCurrencyFormat.js --> ftp.herramientasag.com.mx /cotizador_test convertFloatToCurrencyFormat.js
2019.02.04 21:55 B C:\Users\redkey\Documents\Repositorios\HerramientasAG\convertFloatToCurrencyFormat.js --> ftp.herramientasag.com.mx /cotizador_test convertFloatToCurrencyFormat.js
2019.02.04 21:56 B C:\Users\redkey\Documents\Repositorios\HerramientasAG\generar_cotizacion_p.php --> ftp.herramientasag.com.mx /cotizador_test generar_cotizacion_p.php
2019.02.04 21:56 B C:\Users\redkey\Documents\Repositorios\HerramientasAG\generar_cotizacion_p.php --> ftp.herramientasag.com.mx /cotizador_test generar_cotizacion_p.php
2019.02.04 21:57 B C:\Users\redkey\Documents\Repositorios\HerramientasAG\generar_cotizacion_p.php --> ftp.herramientasag.com.mx /cotizador_test generar_cotizacion_p.php
2019.02.04 22:02 B C:\Users\redkey\Documents\Repositorios\HerramientasAG\generar_cotizacion_p.php --> ftp.herramientasag.com.mx /cotizador_test generar_cotizacion_p.php
2019.02.04 22:05 B C:\Users\redkey\Documents\Repositorios\HerramientasAG\generar_cotizacion_p.php --> ftp.herramientasag.com.mx /cotizador_test generar_cotizacion_p.php
2019.02.04 22:07 B C:\Users\redkey\Documents\Repositorios\HerramientasAG\generar_cotizacion_p.php --> ftp.herramientasag.com.mx /cotizador_test generar_cotizacion_p.php
2019.02.04 22:25 B C:\Users\redkey\Documents\Repositorios\HerramientasAG\generar_cotizacion_p.php --> ftp.herramientasag.com.mx /cotizador_test generar_cotizacion_p.php
2019.02.04 22:28 B C:\Users\redkey\Documents\Repositorios\HerramientasAG\generar_cotizacion_p.php --> ftp.herramientasag.com.mx /cotizador_test generar_cotizacion_p.php
2019.02.04 22:30 B C:\Users\redkey\Documents\Repositorios\HerramientasAG\generar_cotizacion_p.php --> ftp.herramientasag.com.mx /cotizador_test generar_cotizacion_p.php
2019.02.04 22:31 B C:\Users\redkey\Documents\Repositorios\HerramientasAG\generar_cotizacion_p.php --> ftp.herramientasag.com.mx /cotizador_test generar_cotizacion_p.php
2019.02.04 22:42 B C:\Users\redkey\Documents\Repositorios\HerramientasAG\generar_cotizacion_p.php --> ftp.herramientasag.com.mx /cotizador_test generar_cotizacion_p.php
2019.02.04 22:50 B C:\Users\redkey\Documents\Repositorios\HerramientasAG\generar_cotizacion_p.php --> ftp.herramientasag.com.mx /cotizador_test generar_cotizacion_p.php
2019.02.04 22:51 B C:\Users\redkey\Documents\Repositorios\HerramientasAG\generar_cotizacion_p.php --> ftp.herramientasag.com.mx /cotizador_test generar_cotizacion_p.php
2019.02.04 22:51 B C:\Users\redkey\Documents\Repositorios\HerramientasAG\generar_cotizacion_p.php --> ftp.herramientasag.com.mx /cotizador_test generar_cotizacion_p.php
2019.02.04 22:52 B C:\Users\redkey\Documents\Repositorios\HerramientasAG\generar_cotizacion_p.php --> ftp.herramientasag.com.mx /cotizador_test generar_cotizacion_p.php
2019.02.04 22:54 B C:\Users\redkey\Documents\Repositorios\HerramientasAG\generar_cotizacion_p.php --> ftp.herramientasag.com.mx /cotizador_test generar_cotizacion_p.php
2019.02.04 22:55 B C:\Users\redkey\Documents\Repositorios\HerramientasAG\generar_cotizacion_p.php --> ftp.herramientasag.com.mx /cotizador_test generar_cotizacion_p.php
2019.02.04 23:03 B C:\Users\redkey\Documents\Repositorios\HerramientasAG\generar_cotizacion_p.php --> ftp.herramientasag.com.mx /cotizador_test generar_cotizacion_p.php
2019.02.04 23:05 B C:\Users\redkey\Documents\Repositorios\HerramientasAG\generar_cotizacion_p.php --> ftp.herramientasag.com.mx /cotizador_test generar_cotizacion_p.php
2019.02.04 23:07 B C:\Users\redkey\Documents\Repositorios\HerramientasAG\generar_cotizacion_p.php --> ftp.herramientasag.com.mx /cotizador_test generar_cotizacion_p.php
2019.02.04 23:08 B C:\Users\redkey\Documents\Repositorios\HerramientasAG\generar_cotizacion_p.php --> ftp.herramientasag.com.mx /cotizador_test generar_cotizacion_p.php
2019.02.04 23:09 B C:\Users\redkey\Documents\Repositorios\HerramientasAG\generar_cotizacion_p.php --> ftp.herramientasag.com.mx /cotizador_test generar_cotizacion_p.php
2019.02.04 23:10 B C:\Users\redkey\Documents\Repositorios\HerramientasAG\generar_cotizacion_p.php --> ftp.herramientasag.com.mx /cotizador_test generar_cotizacion_p.php
2019.02.05 10:39 B C:\Users\redkey\Documents\Repositorios\HerramientasAG\generar_cotizacion_p.php --> ftp.herramientasag.com.mx /cotizador_test generar_cotizacion_p.php
2019.02.05 10:47 B C:\Users\redkey\Documents\Repositorios\HerramientasAG\generar_cotizacion_p.php --> ftp.herramientasag.com.mx /cotizador_test generar_cotizacion_p.php
2019.02.05 10:57 B C:\Users\redkey\Documents\Repositorios\HerramientasAG\generar_cotizacion_p.php --> ftp.herramientasag.com.mx /cotizador_test generar_cotizacion_p.php
2019.02.05 11:00 B C:\Users\redkey\Documents\Repositorios\HerramientasAG\generar_cotizacion_p.php --> ftp.herramientasag.com.mx /cotizador_test generar_cotizacion_p.php
2019.02.05 11:01 B C:\Users\redkey\Documents\Repositorios\HerramientasAG\generar_cotizacion_p.php --> ftp.herramientasag.com.mx /cotizador_test generar_cotizacion_p.php
2019.02.05 11:18 B C:\Users\redkey\Documents\Repositorios\HerramientasAG\generar_cotizacion_p.php --> ftp.herramientasag.com.mx /cotizador_test generar_cotizacion_p.php
2019.02.05 11:25 B C:\Users\redkey\Documents\Repositorios\HerramientasAG\generar_cotizacion_p.php --> ftp.herramientasag.com.mx /cotizador_test generar_cotizacion_p.php
2019.02.05 11:33 B C:\Users\redkey\Documents\Repositorios\HerramientasAG\generar_cotizacion_p.php --> ftp.herramientasag.com.mx /cotizador_test generar_cotizacion_p.php
2019.02.05 11:42 B C:\Users\redkey\Documents\Repositorios\HerramientasAG\generar_cotizacion_p.php --> ftp.herramientasag.com.mx /cotizador_test generar_cotizacion_p.php
2019.02.05 11:45 B C:\Users\redkey\Documents\Repositorios\HerramientasAG\generar_cotizacion_p.php --> ftp.herramientasag.com.mx /cotizador_test generar_cotizacion_p.php
2019.02.05 12:12 B C:\Users\redkey\Documents\Repositorios\HerramientasAG\generar_cotizacion_p.php --> ftp.herramientasag.com.mx /cotizador_test generar_cotizacion_p.php
2019.02.05 12:18 B C:\Users\redkey\Documents\Repositorios\HerramientasAG\generar_cotizacion_p.php --> ftp.herramientasag.com.mx /cotizador_test generar_cotizacion_p.php
2019.02.05 12:20 B C:\Users\redkey\Documents\Repositorios\HerramientasAG\generar_cotizacion_p.php --> ftp.herramientasag.com.mx /cotizador_test generar_cotizacion_p.php
2019.02.05 12:26 B C:\Users\redkey\Documents\Repositorios\HerramientasAG\generar_cotizacion_p.php --> ftp.herramientasag.com.mx /cotizador_test generar_cotizacion_p.php
2019.02.05 12:28 B C:\Users\redkey\Documents\Repositorios\HerramientasAG\generar_cotizacion_p.php --> ftp.herramientasag.com.mx /cotizador_test generar_cotizacion_p.php
2019.02.05 12:29 B C:\Users\redkey\Documents\Repositorios\HerramientasAG\generar_cotizacion_p.php --> ftp.herramientasag.com.mx /cotizador_test generar_cotizacion_p.php
